[0419/231308.126:ERROR:process_info.cc(329)] VirtualQueryEx: Access is denied. (0x5)
[0419/231308.189:ERROR:process_info.cc(556)] ReadMemoryInfo failed
[0419/231307.533:ERROR:process_info.cc(98)] ReadProcessMemory UNICODE_STRING: Only part of a ReadProcessMemory or WriteProcessMemory request was completed. (0x12B)
[0419/231308.189:ERROR:process_info.cc(551)] ReadProcessData failed
[0419/231307.533:ERROR:process_info.cc(118)] ReadProcessMemory bool __cdecl crashpad::(anonymous namespace)::ReadStruct(HANDLE, crashpad::WinVMAddress, T *) [T = crashpad::process_types::LDR_DATA_TABLE_ENTRY<crashpad::process_types::internal::Traits64>]: Only part of a ReadProcessMemory or WriteProcessMemory request was completed. (0x12B)
[0419/231308.470:ERROR:process_info.cc(329)] VirtualQueryEx: Access is denied. (0x5)
[0419/231308.673:ERROR:process_info.cc(556)] ReadMemoryInfo failed
[0419/231307.908:ERROR:process_reader_win.cc(123)] NtOpenThread: {Access Denied} A process has requested access to an object, but has not been granted those access rights. (0xc0000022)
[0419/231307.829:ERROR:process_reader_win.cc(123)] NtOpenThread: {Access Denied} A process has requested access to an object, but has not been granted those access rights. (0xc0000022)
[0419/231307.954:ERROR:process_reader_win.cc(123)] NtOpenThread: {Access Denied} A process has requested access to an object, but has not been granted those access rights. (0xc0000022)
[0419/231307.829:ERROR:process_reader_win.cc(123)] NtOpenThread: {Access Denied} A process has requested access to an object, but has not been granted those access rights. (0xc0000022)
[0419/231308.314:ERROR:scoped_process_suspend.cc(40)] NtResumeProcess: An attempt was made to access an exiting process. (0xc000010a)
[0419/231307.861:ERROR:process_reader_win.cc(123)] NtOpenThread: {Access Denied} A process has requested access to an object, but has not been granted those access rights. (0xc0000022)
[0419/231307.533:ERROR:scoped_process_suspend.cc(31)] NtSuspendProcess: An attempt was made to access an exiting process. (0xc000010a)
[0419/231307.829:ERROR:process_reader_win.cc(123)] NtOpenThread: {Access Denied} A process has requested access to an object, but has not been granted those access rights. (0xc0000022)
[0419/231308.314:ERROR:scoped_process_suspend.cc(40)] NtResumeProcess: An attempt was made to access an exiting process. (0xc000010a)
[0419/231307.892:ERROR:process_reader_win.cc(123)] NtOpenThread: {Access Denied} A process has requested access to an object, but has not been granted those access rights. (0xc0000022)
[0419/231307.892:ERROR:process_reader_win.cc(123)] NtOpenThread: {Access Denied} A process has requested access to an object, but has not been granted those access rights. (0xc0000022)
[0419/231307.861:ERROR:process_reader_win.cc(123)] NtOpenThread: {Access Denied} A process has requested access to an object, but has not been granted those access rights. (0xc0000022)
[0419/231307.533:ERROR:scoped_process_suspend.cc(31)] NtSuspendProcess: An attempt was made to access an exiting process. (0xc000010a)
[0419/231307.658:ERROR:process_reader_win.cc(123)] NtOpenThread: {Access Denied} A process has requested access to an object, but has not been granted those access rights. (0xc0000022)
[0419/231308.673:ERROR:scoped_process_suspend.cc(40)] NtResumeProcess: An attempt was made to access an exiting process. (0xc000010a)
[0419/231308.673:ERROR:exception_snapshot_win.cc(98)] thread ID 14328 not found in process
[0419/231308.673:ERROR:exception_snapshot_win.cc(98)] thread ID 1808 not found in process
[0419/231308.673:ERROR:exception_snapshot_win.cc(98)] thread ID 23296 not found in process
[0419/231308.673:ERROR:scoped_process_suspend.cc(40)] NtResumeProcess: An attempt was made to access an exiting process. (0xc000010a)
[0419/231308.673:ERROR:exception_snapshot_win.cc(98)] thread ID 8848 not found in process
[0419/231308.673:ERROR:exception_snapshot_win.cc(98)] thread ID 3452 not found in process
[0419/231308.673:ERROR:exception_snapshot_win.cc(98)] thread ID 10924 not found in process
[0419/231308.673:ERROR:exception_snapshot_win.cc(98)] thread ID 19100 not found in process
[0419/231308.673:ERROR:exception_snapshot_win.cc(98)] thread ID 17620 not found in process
[0419/231308.673:ERROR:exception_snapshot_win.cc(98)] thread ID 11340 not found in process
[0419/231308.673:ERROR:exception_snapshot_win.cc(98)] thread ID 19988 not found in process
[0419/231308.673:ERROR:process_info.cc(118)] ReadProcessMemory bool __cdecl crashpad::(anonymous namespace)::ReadStruct(HANDLE, crashpad::WinVMAddress, T *) [T = crashpad::process_types::PEB<crashpad::process_types::internal::Traits64>]: Only part of a ReadProcessMemory or WriteProcessMemory request was completed. (0x12B)
[0419/231308.673:ERROR:process_info.cc(118)] ReadProcessMemory bool __cdecl crashpad::(anonymous namespace)::ReadStruct(HANDLE, crashpad::WinVMAddress, T *) [T = crashpad::process_types::PEB<crashpad::process_types::internal::Traits64>]: Only part of a ReadProcessMemory or WriteProcessMemory request was completed. (0x12B)
[0419/231308.689:ERROR:process_info.cc(551)] ReadProcessData failed
[0419/231308.689:ERROR:process_info.cc(551)] ReadProcessData failed
[0419/231308.689:ERROR:scoped_process_suspend.cc(40)] NtResumeProcess: An attempt was made to access an exiting process. (0xc000010a)
[0419/231308.689:ERROR:scoped_process_suspend.cc(40)] NtResumeProcess: An attempt was made to access an exiting process. (0xc000010a)
[0419/231308.689:ERROR:scoped_process_suspend.cc(40)] NtResumeProcess: An attempt was made to access an exiting process. (0xc000010a)
[0419/231308.689:ERROR:scoped_process_suspend.cc(40)] NtResumeProcess: An attempt was made to access an exiting process. (0xc000010a)
